0 info it worked if it ends with ok
1 verbose cli [ 'node',
1 verbose cli   '/usr/local/bin/npm',
1 verbose cli   'install',
1 verbose cli   'ionic-native-transitions',
1 verbose cli   '--save' ]
2 info using npm@2.11.3
3 info using node@v0.12.7
4 verbose install initial load of /Users/Marija/Documents/development/mplify/ionic-wrppr-app/package.json
5 warn package.json wrapper@1.1.1 No repository field.
6 warn package.json wrapper@1.1.1 No license field.
7 verbose installManyTop reading scoped package data from /Users/Marija/Documents/development/mplify/ionic-wrppr-app/node_modules/async/package.json
8 verbose installManyTop reading scoped package data from /Users/Marija/Documents/development/mplify/ionic-wrppr-app/node_modules/bower/package.json
9 verbose installManyTop reading scoped package data from /Users/Marija/Documents/development/mplify/ionic-wrppr-app/node_modules/clean-css/package.json
10 verbose installManyTop reading scoped package data from /Users/Marija/Documents/development/mplify/ionic-wrppr-app/node_modules/cordova-uglify/package.json
11 verbose installManyTop reading scoped package data from /Users/Marija/Documents/development/mplify/ionic-wrppr-app/node_modules/gulp/package.json
12 verbose installManyTop reading scoped package data from /Users/Marija/Documents/development/mplify/ionic-wrppr-app/node_modules/gulp-angular-templatecache/package.json
13 verbose installManyTop reading scoped package data from /Users/Marija/Documents/development/mplify/ionic-wrppr-app/node_modules/gulp-concat/package.json
14 verbose installManyTop reading scoped package data from /Users/Marija/Documents/development/mplify/ionic-wrppr-app/node_modules/gulp-minify-css/package.json
15 verbose installManyTop reading scoped package data from /Users/Marija/Documents/development/mplify/ionic-wrppr-app/node_modules/gulp-ng-annotate/package.json
16 verbose installManyTop reading scoped package data from /Users/Marija/Documents/development/mplify/ionic-wrppr-app/node_modules/gulp-rename/package.json
17 verbose installManyTop reading scoped package data from /Users/Marija/Documents/development/mplify/ionic-wrppr-app/node_modules/gulp-sass/package.json
18 verbose installManyTop reading scoped package data from /Users/Marija/Documents/development/mplify/ionic-wrppr-app/node_modules/gulp-useref/package.json
19 verbose installManyTop reading scoped package data from /Users/Marija/Documents/development/mplify/ionic-wrppr-app/node_modules/gulp-util/package.json
20 verbose installManyTop reading scoped package data from /Users/Marija/Documents/development/mplify/ionic-wrppr-app/node_modules/jasmine-core/package.json
21 verbose installManyTop reading scoped package data from /Users/Marija/Documents/development/mplify/ionic-wrppr-app/node_modules/jshint/package.json
22 verbose installManyTop reading scoped package data from /Users/Marija/Documents/development/mplify/ionic-wrppr-app/node_modules/karma/package.json
23 verbose installManyTop reading scoped package data from /Users/Marija/Documents/development/mplify/ionic-wrppr-app/node_modules/karma-chrome-launcher/package.json
24 verbose installManyTop reading scoped package data from /Users/Marija/Documents/development/mplify/ionic-wrppr-app/node_modules/karma-jasmine/package.json
25 verbose installManyTop reading scoped package data from /Users/Marija/Documents/development/mplify/ionic-wrppr-app/node_modules/karma-phantomjs-launcher/package.json
26 verbose installManyTop reading scoped package data from /Users/Marija/Documents/development/mplify/ionic-wrppr-app/node_modules/mv/package.json
27 verbose installManyTop reading scoped package data from /Users/Marija/Documents/development/mplify/ionic-wrppr-app/node_modules/ng-annotate/package.json
28 verbose installManyTop reading scoped package data from /Users/Marija/Documents/development/mplify/ionic-wrppr-app/node_modules/ng-sails/package.json
29 verbose installManyTop reading scoped package data from /Users/Marija/Documents/development/mplify/ionic-wrppr-app/node_modules/phantomjs-prebuilt/package.json
30 verbose installManyTop reading scoped package data from /Users/Marija/Documents/development/mplify/ionic-wrppr-app/node_modules/replace/package.json
31 verbose installManyTop reading scoped package data from /Users/Marija/Documents/development/mplify/ionic-wrppr-app/node_modules/shelljs/package.json
32 verbose installManyTop reading scoped package data from /Users/Marija/Documents/development/mplify/ionic-wrppr-app/node_modules/uglify-js/package.json
33 info package.json gulp-minify-css@0.3.13 No license field.
34 info package.json gulp-rename@1.2.2 No license field.
35 verbose readDependencies loading dependencies from /Users/Marija/Documents/development/mplify/ionic-wrppr-app/package.json
36 silly cache add args [ 'ionic-native-transitions', null ]
37 verbose cache add spec ionic-native-transitions
38 silly cache add parsed spec { raw: 'ionic-native-transitions',
38 silly cache add   scope: null,
38 silly cache add   name: 'ionic-native-transitions',
38 silly cache add   rawSpec: '',
38 silly cache add   spec: '*',
38 silly cache add   type: 'range' }
39 silly addNamed ionic-native-transitions@*
40 verbose addNamed "*" is a valid semver range for ionic-native-transitions
41 silly addNameRange { name: 'ionic-native-transitions', range: '*', hasData: false }
42 silly mapToRegistry name ionic-native-transitions
43 silly mapToRegistry using default registry
44 silly mapToRegistry registry https://registry.npmjs.org/
45 silly mapToRegistry uri https://registry.npmjs.org/ionic-native-transitions
46 verbose addNameRange registry:https://registry.npmjs.org/ionic-native-transitions not in flight; fetching
47 verbose request uri https://registry.npmjs.org/ionic-native-transitions
48 verbose request no auth needed
49 info attempt registry request try #1 at 1:36:38 PM
50 verbose request id c5f66fd6d39d1542
51 verbose etag "8Q8U16NSCXGGFZOP4K9WEFW3T"
52 http request GET https://registry.npmjs.org/ionic-native-transitions
53 http 304 https://registry.npmjs.org/ionic-native-transitions
54 silly get cb [ 304,
54 silly get   { date: 'Wed, 24 Feb 2016 11:36:39 GMT',
54 silly get     via: '1.1 varnish',
54 silly get     'cache-control': 'max-age=300',
54 silly get     etag: '"8Q8U16NSCXGGFZOP4K9WEFW3T"',
54 silly get     age: '28',
54 silly get     connection: 'keep-alive',
54 silly get     'x-served-by': 'cache-fra1244-FRA',
54 silly get     'x-cache': 'HIT',
54 silly get     'x-cache-hits': '1',
54 silly get     'x-timer': 'S1456313799.757404,VS0,VE0',
54 silly get     vary: 'Accept' } ]
55 verbose etag https://registry.npmjs.org/ionic-native-transitions from cache
56 verbose get saving ionic-native-transitions to /Users/Marija/.npm/registry.npmjs.org/ionic-native-transitions/.cache.json
57 silly addNameRange number 2 { name: 'ionic-native-transitions', range: '*', hasData: true }
58 silly addNameRange versions [ 'ionic-native-transitions',
58 silly addNameRange   [ '1.0.0-alpha1',
58 silly addNameRange     '1.0.0-alpha2',
58 silly addNameRange     '1.0.0-alpha4',
58 silly addNameRange     '1.0.0-alpha5',
58 silly addNameRange     '1.0.0-beta1',
58 silly addNameRange     '1.0.0-beta2',
58 silly addNameRange     '1.0.0-beta3',
58 silly addNameRange     '1.0.0-beta4',
58 silly addNameRange     '1.0.0-beta5',
58 silly addNameRange     '1.0.0-beta6',
58 silly addNameRange     '1.0.0-rc1',
58 silly addNameRange     '1.0.0-rc2',
58 silly addNameRange     '1.0.0-rc3',
58 silly addNameRange     '1.0.0-rc4',
58 silly addNameRange     '1.0.0-rc5',
58 silly addNameRange     '1.0.0-rc6',
58 silly addNameRange     '1.0.0-rc7',
58 silly addNameRange     '1.0.0-rc8',
58 silly addNameRange     '1.0.0-rc9' ] ]
59 verbose stack Error: No compatible version found: ionic-native-transitions@'*'
59 verbose stack Valid install targets:
59 verbose stack ["1.0.0-alpha1","1.0.0-alpha2","1.0.0-alpha4","1.0.0-alpha5","1.0.0-beta1","1.0.0-beta2","1.0.0-beta3","1.0.0-beta4","1.0.0-beta5","1.0.0-beta6","1.0.0-rc1","1.0.0-rc2","1.0.0-rc3","1.0.0-rc4","1.0.0-rc5","1.0.0-rc6","1.0.0-rc7","1.0.0-rc8","1.0.0-rc9"]
59 verbose stack
59 verbose stack     at installTargetsError (/usr/local/lib/node_modules/npm/lib/cache/add-named.js:274:12)
59 verbose stack     at next (/usr/local/lib/node_modules/npm/lib/cache/add-named.js:253:17)
59 verbose stack     at setData (/usr/local/lib/node_modules/npm/lib/cache/add-named.js:230:5)
59 verbose stack     at RES (/usr/local/lib/node_modules/npm/node_modules/inflight/inflight.js:23:14)
59 verbose stack     at f (/usr/local/lib/node_modules/npm/node_modules/once/once.js:17:25)
59 verbose stack     at fixName (/usr/local/lib/node_modules/npm/lib/cache/add-named.js:29:5)
59 verbose stack     at saved (/usr/local/lib/node_modules/npm/lib/cache/caching-client.js:173:7)
59 verbose stack     at FSReqWrap.oncomplete (fs.js:95:15)
60 verbose cwd /Users/Marija/Documents/development/mplify/ionic-wrppr-app
61 error Darwin 15.3.0
62 error argv "node" "/usr/local/bin/npm" "install" "ionic-native-transitions" "--save"
63 error node v0.12.7
64 error npm  v2.11.3
65 error code ETARGET
66 error notarget No compatible version found: ionic-native-transitions@'*'
66 error notarget Valid install targets:
66 error notarget ["1.0.0-alpha1","1.0.0-alpha2","1.0.0-alpha4","1.0.0-alpha5","1.0.0-beta1","1.0.0-beta2","1.0.0-beta3","1.0.0-beta4","1.0.0-beta5","1.0.0-beta6","1.0.0-rc1","1.0.0-rc2","1.0.0-rc3","1.0.0-rc4","1.0.0-rc5","1.0.0-rc6","1.0.0-rc7","1.0.0-rc8","1.0.0-rc9"]
66 error notarget
66 error notarget This is most likely not a problem with npm itself.
66 error notarget In most cases you or one of your dependencies are requesting
66 error notarget a package version that doesn't exist.
66 error notarget
66 error notarget It was specified as a dependency of 'wrapper'
67 verbose exit [ 1, true ]
